c:\users\locus\git\programming-game-ai-by-example-src\buckland_pgaibe_source_vc6-vs2010\vs2010\buckland_chapter3-steering behaviors\debug\steering.bsc
c:\users\locus\git\programming-game-ai-by-example-src\buckland_pgaibe_source_vc6-vs2010\vs2010\buckland_chapter3-steering behaviors\debug\vc142.pdb
c:\users\locus\git\programming-game-ai-by-example-src\buckland_pgaibe_source_vc6-vs2010\vs2010\buckland_chapter3-steering behaviors\debug\vc142.idb
c:\users\locus\git\programming-game-ai-by-example-src\buckland_pgaibe_source_vc6-vs2010\vs2010\buckland_chapter3-steering behaviors\debug\windowutils.sbr
c:\users\locus\git\programming-game-ai-by-example-src\buckland_pgaibe_source_vc6-vs2010\vs2010\buckland_chapter3-steering behaviors\debug\vector2d.sbr
c:\users\locus\git\programming-game-ai-by-example-src\buckland_pgaibe_source_vc6-vs2010\vs2010\buckland_chapter3-steering behaviors\debug\precisiontimer.sbr
c:\users\locus\git\programming-game-ai-by-example-src\buckland_pgaibe_source_vc6-vs2010\vs2010\buckland_chapter3-steering behaviors\debug\path.sbr
c:\users\locus\git\programming-game-ai-by-example-src\buckland_pgaibe_source_vc6-vs2010\vs2010\buckland_chapter3-steering behaviors\debug\paramloader.sbr
c:\users\locus\git\programming-game-ai-by-example-src\buckland_pgaibe_source_vc6-vs2010\vs2010\buckland_chapter3-steering behaviors\debug\obstacle.sbr
c:\users\locus\git\programming-game-ai-by-example-src\buckland_pgaibe_source_vc6-vs2010\vs2010\buckland_chapter3-steering behaviors\debug\inifileloaderbase.sbr
c:\users\locus\git\programming-game-ai-by-example-src\buckland_pgaibe_source_vc6-vs2010\vs2010\buckland_chapter3-steering behaviors\debug\cgdi.sbr
c:\users\locus\git\programming-game-ai-by-example-src\buckland_pgaibe_source_vc6-vs2010\vs2010\buckland_chapter3-steering behaviors\debug\vehicle.sbr
c:\users\locus\git\programming-game-ai-by-example-src\buckland_pgaibe_source_vc6-vs2010\vs2010\buckland_chapter3-steering behaviors\debug\steeringbehaviors.sbr
c:\users\locus\git\programming-game-ai-by-example-src\buckland_pgaibe_source_vc6-vs2010\vs2010\buckland_chapter3-steering behaviors\debug\main.sbr
c:\users\locus\git\programming-game-ai-by-example-src\buckland_pgaibe_source_vc6-vs2010\vs2010\buckland_chapter3-steering behaviors\debug\gameworld.sbr
c:\users\locus\git\programming-game-ai-by-example-src\buckland_pgaibe_source_vc6-vs2010\vs2010\buckland_chapter3-steering behaviors\debug\gameworld.obj
c:\users\locus\git\programming-game-ai-by-example-src\buckland_pgaibe_source_vc6-vs2010\vs2010\buckland_chapter3-steering behaviors\debug\main.obj
c:\users\locus\git\programming-game-ai-by-example-src\buckland_pgaibe_source_vc6-vs2010\vs2010\buckland_chapter3-steering behaviors\debug\steeringbehaviors.obj
c:\users\locus\git\programming-game-ai-by-example-src\buckland_pgaibe_source_vc6-vs2010\vs2010\buckland_chapter3-steering behaviors\debug\vehicle.obj
c:\users\locus\git\programming-game-ai-by-example-src\buckland_pgaibe_source_vc6-vs2010\vs2010\buckland_chapter3-steering behaviors\debug\cgdi.obj
c:\users\locus\git\programming-game-ai-by-example-src\buckland_pgaibe_source_vc6-vs2010\vs2010\buckland_chapter3-steering behaviors\debug\inifileloaderbase.obj
c:\users\locus\git\programming-game-ai-by-example-src\buckland_pgaibe_source_vc6-vs2010\vs2010\buckland_chapter3-steering behaviors\debug\obstacle.obj
c:\users\locus\git\programming-game-ai-by-example-src\buckland_pgaibe_source_vc6-vs2010\vs2010\buckland_chapter3-steering behaviors\debug\paramloader.obj
c:\users\locus\git\programming-game-ai-by-example-src\buckland_pgaibe_source_vc6-vs2010\vs2010\buckland_chapter3-steering behaviors\debug\path.obj
c:\users\locus\git\programming-game-ai-by-example-src\buckland_pgaibe_source_vc6-vs2010\vs2010\buckland_chapter3-steering behaviors\debug\precisiontimer.obj
c:\users\locus\git\programming-game-ai-by-example-src\buckland_pgaibe_source_vc6-vs2010\vs2010\buckland_chapter3-steering behaviors\debug\vector2d.obj
c:\users\locus\git\programming-game-ai-by-example-src\buckland_pgaibe_source_vc6-vs2010\vs2010\buckland_chapter3-steering behaviors\debug\windowutils.obj
c:\users\locus\git\programming-game-ai-by-example-src\buckland_pgaibe_source_vc6-vs2010\vs2010\buckland_chapter3-steering behaviors\debug\steering.exe
c:\users\locus\git\programming-game-ai-by-example-src\buckland_pgaibe_source_vc6-vs2010\vs2010\buckland_chapter3-steering behaviors\debug\steering.ilk
c:\users\locus\git\programming-game-ai-by-example-src\buckland_pgaibe_source_vc6-vs2010\vs2010\buckland_chapter3-steering behaviors\debug\steering.pdb
c:\users\locus\git\programming-game-ai-by-example-src\buckland_pgaibe_source_vc6-vs2010\vs2010\buckland_chapter3-steering behaviors\debug\script1.res
c:\users\locus\git\programming-game-ai-by-example-src\buckland_pgaibe_source_vc6-vs2010\vs2010\buckland_chapter3-steering behaviors\.\debug\steering.exe
c:\users\locus\git\programming-game-ai-by-example-src\buckland_pgaibe_source_vc6-vs2010\vs2010\buckland_chapter3-steering behaviors\debug\steering.tlog\bscmake.command.1.tlog
c:\users\locus\git\programming-game-ai-by-example-src\buckland_pgaibe_source_vc6-vs2010\vs2010\buckland_chapter3-steering behaviors\debug\steering.tlog\bscmake.read.1.tlog
c:\users\locus\git\programming-game-ai-by-example-src\buckland_pgaibe_source_vc6-vs2010\vs2010\buckland_chapter3-steering behaviors\debug\steering.tlog\bscmake.write.1.tlog
c:\users\locus\git\programming-game-ai-by-example-src\buckland_pgaibe_source_vc6-vs2010\vs2010\buckland_chapter3-steering behaviors\debug\steering.tlog\cl.command.1.tlog
c:\users\locus\git\programming-game-ai-by-example-src\buckland_pgaibe_source_vc6-vs2010\vs2010\buckland_chapter3-steering behaviors\debug\steering.tlog\cl.read.1.tlog
c:\users\locus\git\programming-game-ai-by-example-src\buckland_pgaibe_source_vc6-vs2010\vs2010\buckland_chapter3-steering behaviors\debug\steering.tlog\cl.write.1.tlog
c:\users\locus\git\programming-game-ai-by-example-src\buckland_pgaibe_source_vc6-vs2010\vs2010\buckland_chapter3-steering behaviors\debug\steering.tlog\link.17028.delete.1.tlog
c:\users\locus\git\programming-game-ai-by-example-src\buckland_pgaibe_source_vc6-vs2010\vs2010\buckland_chapter3-steering behaviors\debug\steering.tlog\link.18228.delete.1.tlog
c:\users\locus\git\programming-game-ai-by-example-src\buckland_pgaibe_source_vc6-vs2010\vs2010\buckland_chapter3-steering behaviors\debug\steering.tlog\link.19492.delete.1.tlog
c:\users\locus\git\programming-game-ai-by-example-src\buckland_pgaibe_source_vc6-vs2010\vs2010\buckland_chapter3-steering behaviors\debug\steering.tlog\link.26000.delete.1.tlog
c:\users\locus\git\programming-game-ai-by-example-src\buckland_pgaibe_source_vc6-vs2010\vs2010\buckland_chapter3-steering behaviors\debug\steering.tlog\link.4100.delete.1.tlog
c:\users\locus\git\programming-game-ai-by-example-src\buckland_pgaibe_source_vc6-vs2010\vs2010\buckland_chapter3-steering behaviors\debug\steering.tlog\link.6216.delete.1.tlog
c:\users\locus\git\programming-game-ai-by-example-src\buckland_pgaibe_source_vc6-vs2010\vs2010\buckland_chapter3-steering behaviors\debug\steering.tlog\link.992.delete.1.tlog
c:\users\locus\git\programming-game-ai-by-example-src\buckland_pgaibe_source_vc6-vs2010\vs2010\buckland_chapter3-steering behaviors\debug\steering.tlog\link.command.1.tlog
c:\users\locus\git\programming-game-ai-by-example-src\buckland_pgaibe_source_vc6-vs2010\vs2010\buckland_chapter3-steering behaviors\debug\steering.tlog\link.read.1.tlog
c:\users\locus\git\programming-game-ai-by-example-src\buckland_pgaibe_source_vc6-vs2010\vs2010\buckland_chapter3-steering behaviors\debug\steering.tlog\link.write.1.tlog
c:\users\locus\git\programming-game-ai-by-example-src\buckland_pgaibe_source_vc6-vs2010\vs2010\buckland_chapter3-steering behaviors\debug\steering.tlog\rc.command.1.tlog
c:\users\locus\git\programming-game-ai-by-example-src\buckland_pgaibe_source_vc6-vs2010\vs2010\buckland_chapter3-steering behaviors\debug\steering.tlog\rc.read.1.tlog
c:\users\locus\git\programming-game-ai-by-example-src\buckland_pgaibe_source_vc6-vs2010\vs2010\buckland_chapter3-steering behaviors\debug\steering.tlog\rc.write.1.tlog
